[0118/144257:INFO:CONSOLE(0)] "app router initialize," source: file:///C:/Users/Administrator/AppData/Roaming/Adobe/CEPServiceManager4/extensions/cutterman/js/cutterman.js(10)
[0118/144302:INFO:CONSOLE(0)] "{"samefile":"cover","androidCurrentDpi":"不设置","iosCurrentDpi":"不设置","androidDpi":{"XXXHDPI":"1440","XXHDPI":"1080","XHDPI":"720","HDPI":"540","MDPI":"360"},"iosDpi":{"3X":"960","2X":"640","1X":"320"},"format":"PNG-24","output":"/e/design/IOS/ios%E5%88%87%E5%9B%BE/%E4%B8%AA%E4%BA%BA%E4%B8%AD%E5%BF%83","merge":false,"target":["2X","3X"],"bounds":[0,0],"quality":"PNG-24"}," source: file:///C:/Users/Administrator/AppData/Roaming/Adobe/CEPServiceManager4/extensions/cutterman/js/cutterman.js(400)
[0118/144306:INFO:CONSOLE(0)] "{"err":0,"msg":2}," source: file:///C:/Users/Administrator/AppData/Roaming/Adobe/CEPServiceManager4/extensions/cutterman/js/cutterman.js(408)
[0118/144306:INFO:CONSOLE(0)] "XMLHttpRequest cannot load http://www.cutterman.cn/rank/submit. Origin null is not allowed by Access-Control-Allow-Origin.," source: (0)
[0118/144308:INFO:CONSOLE(0)] "{"samefile":"cover","androidCurrentDpi":"不设置","iosCurrentDpi":"不设置","androidDpi":{"XXXHDPI":"1440","XXHDPI":"1080","XHDPI":"720","HDPI":"540","MDPI":"360"},"iosDpi":{"3X":"960","2X":"640","1X":"320"},"format":"PNG-24","output":"/e/design/IOS/ios%E5%88%87%E5%9B%BE/%E4%B8%AA%E4%BA%BA%E4%B8%AD%E5%BF%83","merge":true,"target":["2X","3X"],"bounds":[0,0],"quality":"PNG-24"}," source: file:///C:/Users/Administrator/AppData/Roaming/Adobe/CEPServiceManager4/extensions/cutterman/js/cutterman.js(400)
[0118/144308:INFO:CONSOLE(0)] "{"err":0,"msg":2}," source: file:///C:/Users/Administrator/AppData/Roaming/Adobe/CEPServiceManager4/extensions/cutterman/js/cutterman.js(408)
[0118/144308:INFO:CONSOLE(0)] "XMLHttpRequest cannot load http://www.cutterman.cn/rank/submit. Origin null is not allowed by Access-Control-Allow-Origin.," source: (0)
[0118/144315:INFO:CONSOLE(0)] "{"samefile":"cover","androidCurrentDpi":"不设置","iosCurrentDpi":"不设置","androidDpi":{"XXXHDPI":"1440","XXHDPI":"1080","XHDPI":"720","HDPI":"540","MDPI":"360"},"iosDpi":{"3X":"960","2X":"640","1X":"320"},"format":"PNG-24","output":"/e/design/IOS/ios%E5%88%87%E5%9B%BE/%E4%B8%AA%E4%BA%BA%E4%B8%AD%E5%BF%83","merge":true,"target":["2X","3X"],"bounds":[0,0],"quality":"PNG-24"}," source: file:///C:/Users/Administrator/AppData/Roaming/Adobe/CEPServiceManager4/extensions/cutterman/js/cutterman.js(400)
[0118/144315:INFO:CONSOLE(0)] "{"err":0,"msg":1}," source: file:///C:/Users/Administrator/AppData/Roaming/Adobe/CEPServiceManager4/extensions/cutterman/js/cutterman.js(408)
[0118/144315:INFO:CONSOLE(0)] "XMLHttpRequest cannot load http://www.cutterman.cn/rank/submit. Origin null is not allowed by Access-Control-Allow-Origin.," source: (0)
[0118/144428:INFO:CONSOLE(0)] "{"samefile":"cover","androidCurrentDpi":"不设置","iosCurrentDpi":"不设置","androidDpi":{"XXXHDPI":"1440","XXHDPI":"1080","XHDPI":"720","HDPI":"540","MDPI":"360"},"iosDpi":{"3X":"960","2X":"640","1X":"320"},"format":"PNG-24","output":"/e/design/IOS/ios%E5%88%87%E5%9B%BE/%E4%B8%AA%E4%BA%BA%E4%B8%AD%E5%BF%83","merge":true,"target":["2X","3X"],"bounds":[0,0],"quality":"PNG-24"}," source: file:///C:/Users/Administrator/AppData/Roaming/Adobe/CEPServiceManager4/extensions/cutterman/js/cutterman.js(400)
[0118/144428:INFO:CONSOLE(0)] "{"err":0,"msg":2}," source: file:///C:/Users/Administrator/AppData/Roaming/Adobe/CEPServiceManager4/extensions/cutterman/js/cutterman.js(408)
[0118/144428:INFO:CONSOLE(0)] "XMLHttpRequest cannot load http://www.cutterman.cn/rank/submit. Origin null is not allowed by Access-Control-Allow-Origin.," source: (0)
[0118/144520:INFO:CONSOLE(0)] "{"samefile":"cover","androidCurrentDpi":"不设置","iosCurrentDpi":"不设置","androidDpi":{"XXXHDPI":"1440","XXHDPI":"1080","XHDPI":"720","HDPI":"540","MDPI":"360"},"iosDpi":{"3X":"960","2X":"640","1X":"320"},"format":"PNG-24","output":"/e/design/IOS/0118","merge":true,"target":["2X","3X"],"bounds":[0,0],"quality":"PNG-24"}," source: file:///C:/Users/Administrator/AppData/Roaming/Adobe/CEPServiceManager4/extensions/cutterman/js/cutterman.js(400)
[0118/144521:INFO:CONSOLE(0)] "{"err":0,"msg":2}," source: file:///C:/Users/Administrator/AppData/Roaming/Adobe/CEPServiceManager4/extensions/cutterman/js/cutterman.js(408)
[0118/144521:INFO:CONSOLE(0)] "XMLHttpRequest cannot load http://www.cutterman.cn/rank/submit. Origin null is not allowed by Access-Control-Allow-Origin.," source: (0)
[0118/144526:INFO:CONSOLE(0)] "{"samefile":"cover","androidCurrentDpi":"不设置","iosCurrentDpi":"不设置","androidDpi":{"XXXHDPI":"1440","XXHDPI":"1080","XHDPI":"720","HDPI":"540","MDPI":"360"},"iosDpi":{"3X":"960","2X":"640","1X":"320"},"format":"PNG-24","output":"/e/design/IOS/0118","merge":true,"target":["2X","3X"],"bounds":[0,0],"quality":"PNG-24"}," source: file:///C:/Users/Administrator/AppData/Roaming/Adobe/CEPServiceManager4/extensions/cutterman/js/cutterman.js(400)
[0118/144527:INFO:CONSOLE(0)] "{"err":0,"msg":1}," source: file:///C:/Users/Administrator/AppData/Roaming/Adobe/CEPServiceManager4/extensions/cutterman/js/cutterman.js(408)
[0118/144527:INFO:CONSOLE(0)] "XMLHttpRequest cannot load http://www.cutterman.cn/rank/submit. Origin null is not allowed by Access-Control-Allow-Origin.," source: (0)
[0118/144622:INFO:CONSOLE(0)] "{"samefile":"cover","androidCurrentDpi":"不设置","iosCurrentDpi":"不设置","androidDpi":{"XXXHDPI":"1440","XXHDPI":"1080","XHDPI":"720","HDPI":"540","MDPI":"360"},"iosDpi":{"3X":"960","2X":"640","1X":"320"},"format":"PNG-24","output":"/e/design/Android/0118","merge":false,"target":["XXXHDPI","XXHDPI","XHDPI"],"bounds":[0,0],"quality":"PNG-24"}," source: file:///C:/Users/Administrator/AppData/Roaming/Adobe/CEPServiceManager4/extensions/cutterman/js/cutterman.js(271)
[0118/144623:INFO:CONSOLE(0)] "{"err":0,"msg":1}," source: file:///C:/Users/Administrator/AppData/Roaming/Adobe/CEPServiceManager4/extensions/cutterman/js/cutterman.js(290)
[0118/144624:INFO:CONSOLE(0)] "XMLHttpRequest cannot load http://www.cutterman.cn/rank/submit. Origin null is not allowed by Access-Control-Allow-Origin.," source: (0)
[0118/144637:INFO:CONSOLE(0)] "{"samefile":"cover","androidCurrentDpi":"不设置","iosCurrentDpi":"不设置","androidDpi":{"XXXHDPI":"1440","XXHDPI":"1080","XHDPI":"720","HDPI":"540","MDPI":"360"},"iosDpi":{"3X":"960","2X":"640","1X":"320"},"format":"PNG-24","output":"/e/design/Android/0118","merge":true,"target":["XXXHDPI","XXHDPI","XHDPI"],"bounds":[0,0],"quality":"PNG-24"}," source: file:///C:/Users/Administrator/AppData/Roaming/Adobe/CEPServiceManager4/extensions/cutterman/js/cutterman.js(271)
[0118/144638:INFO:CONSOLE(0)] "{"err":0,"msg":2}," source: file:///C:/Users/Administrator/AppData/Roaming/Adobe/CEPServiceManager4/extensions/cutterman/js/cutterman.js(290)
[0118/144638:INFO:CONSOLE(0)] "XMLHttpRequest cannot load http://www.cutterman.cn/rank/submit. Origin null is not allowed by Access-Control-Allow-Origin.," source: (0)
[0118/144647:INFO:CONSOLE(0)] "{"samefile":"cover","androidCurrentDpi":"不设置","iosCurrentDpi":"不设置","androidDpi":{"XXXHDPI":"1440","XXHDPI":"1080","XHDPI":"720","HDPI":"540","MDPI":"360"},"iosDpi":{"3X":"960","2X":"640","1X":"320"},"format":"PNG-24","output":"/e/design/Android/0118","merge":true,"target":["XXXHDPI","XXHDPI","XHDPI"],"bounds":[0,0],"quality":"PNG-24"}," source: file:///C:/Users/Administrator/AppData/Roaming/Adobe/CEPServiceManager4/extensions/cutterman/js/cutterman.js(271)
[0118/144649:INFO:CONSOLE(0)] "{"err":0,"msg":2}," source: file:///C:/Users/Administrator/AppData/Roaming/Adobe/CEPServiceManager4/extensions/cutterman/js/cutterman.js(290)
[0118/144649:INFO:CONSOLE(0)] "XMLHttpRequest cannot load http://www.cutterman.cn/rank/submit. Origin null is not allowed by Access-Control-Allow-Origin.," source: (0)
[0118/144651:INFO:CONSOLE(0)] "{"samefile":"cover","androidCurrentDpi":"不设置","iosCurrentDpi":"不设置","androidDpi":{"XXXHDPI":"1440","XXHDPI":"1080","XHDPI":"720","HDPI":"540","MDPI":"360"},"iosDpi":{"3X":"960","2X":"640","1X":"320"},"format":"PNG-24","output":"/e/design/Android/0118","merge":true,"target":["XXXHDPI","XXHDPI","XHDPI"],"bounds":[0,0],"quality":"PNG-24"}," source: file:///C:/Users/Administrator/AppData/Roaming/Adobe/CEPServiceManager4/extensions/cutterman/js/cutterman.js(271)
[0118/144652:INFO:CONSOLE(0)] "{"err":0,"msg":1}," source: file:///C:/Users/Administrator/AppData/Roaming/Adobe/CEPServiceManager4/extensions/cutterman/js/cutterman.js(290)
[0118/144652:INFO:CONSOLE(0)] "XMLHttpRequest cannot load http://www.cutterman.cn/rank/submit. Origin null is not allowed by Access-Control-Allow-Origin.," source: (0)
[0118/144726:INFO:CONSOLE(0)] "{"samefile":"cover","androidCurrentDpi":"不设置","iosCurrentDpi":"不设置","androidDpi":{"XXXHDPI":"1440","XXHDPI":"1080","XHDPI":"720","HDPI":"540","MDPI":"360"},"iosDpi":{"3X":"960","2X":"640","1X":"320"},"format":"PNG-24","output":"/e/design/Android/0118","merge":true,"target":["XXXHDPI","XXHDPI","XHDPI"],"bounds":[0,0],"quality":"PNG-24"}," source: file:///C:/Users/Administrator/AppData/Roaming/Adobe/CEPServiceManager4/extensions/cutterman/js/cutterman.js(271)
[0118/144727:INFO:CONSOLE(0)] "{"err":0,"msg":2}," source: file:///C:/Users/Administrator/AppData/Roaming/Adobe/CEPServiceManager4/extensions/cutterman/js/cutterman.js(290)
[0118/144727:INFO:CONSOLE(0)] "XMLHttpRequest cannot load http://www.cutterman.cn/rank/submit. Origin null is not allowed by Access-Control-Allow-Origin.," source: (0)
[0118/144730:INFO:CONSOLE(0)] "{"samefile":"cover","androidCurrentDpi":"不设置","iosCurrentDpi":"不设置","androidDpi":{"XXXHDPI":"1440","XXHDPI":"1080","XHDPI":"720","HDPI":"540","MDPI":"360"},"iosDpi":{"3X":"960","2X":"640","1X":"320"},"format":"PNG-24","output":"/e/design/Android/0118","merge":true,"target":["XXXHDPI","XXHDPI","XHDPI"],"bounds":[0,0],"quality":"PNG-24"}," source: file:///C:/Users/Administrator/AppData/Roaming/Adobe/CEPServiceManager4/extensions/cutterman/js/cutterman.js(271)
[0118/144732:INFO:CONSOLE(0)] "{"err":0,"msg":1}," source: file:///C:/Users/Administrator/AppData/Roaming/Adobe/CEPServiceManager4/extensions/cutterman/js/cutterman.js(290)
[0118/144732:INFO:CONSOLE(0)] "XMLHttpRequest cannot load http://www.cutterman.cn/rank/submit. Origin null is not allowed by Access-Control-Allow-Origin.," source: (0)
[0118/144736:INFO:CONSOLE(0)] "{"samefile":"cover","androidCurrentDpi":"不设置","iosCurrentDpi":"不设置","androidDpi":{"XXXHDPI":"1440","XXHDPI":"1080","XHDPI":"720","HDPI":"540","MDPI":"360"},"iosDpi":{"3X":"960","2X":"640","1X":"320"},"format":"PNG-24","output":"/e/design/IOS/0118","merge":true,"target":["2X","3X"],"bounds":[0,0],"quality":"PNG-24"}," source: file:///C:/Users/Administrator/AppData/Roaming/Adobe/CEPServiceManager4/extensions/cutterman/js/cutterman.js(400)
[0118/144737:INFO:CONSOLE(0)] "{"err":0,"msg":1}," source: file:///C:/Users/Administrator/AppData/Roaming/Adobe/CEPServiceManager4/extensions/cutterman/js/cutterman.js(408)
[0118/144737:INFO:CONSOLE(0)] "XMLHttpRequest cannot load http://www.cutterman.cn/rank/submit. Origin null is not allowed by Access-Control-Allow-Origin.," source: (0)
[0118/144740:INFO:CONSOLE(0)] "{"samefile":"cover","androidCurrentDpi":"不设置","iosCurrentDpi":"不设置","androidDpi":{"XXXHDPI":"1440","XXHDPI":"1080","XHDPI":"720","HDPI":"540","MDPI":"360"},"iosDpi":{"3X":"960","2X":"640","1X":"320"},"format":"PNG-24","output":"/e/design/IOS/0118","merge":true,"target":["2X","3X"],"bounds":[0,0],"quality":"PNG-24"}," source: file:///C:/Users/Administrator/AppData/Roaming/Adobe/CEPServiceManager4/extensions/cutterman/js/cutterman.js(400)
[0118/144741:INFO:CONSOLE(0)] "{"err":0,"msg":2}," source: file:///C:/Users/Administrator/AppData/Roaming/Adobe/CEPServiceManager4/extensions/cutterman/js/cutterman.js(408)
[0118/144741:INFO:CONSOLE(0)] "XMLHttpRequest cannot load http://www.cutterman.cn/rank/submit. Origin null is not allowed by Access-Control-Allow-Origin.," source: (0)
[0118/144753:INFO:CONSOLE(0)] "{"samefile":"cover","androidCurrentDpi":"不设置","iosCurrentDpi":"不设置","androidDpi":{"XXXHDPI":"1440","XXHDPI":"1080","XHDPI":"720","HDPI":"540","MDPI":"360"},"iosDpi":{"3X":"960","2X":"640","1X":"320"},"format":"PNG-24","output":"/e/design/IOS/0118","merge":true,"target":["2X","3X"],"bounds":[0,0],"quality":"PNG-24"}," source: file:///C:/Users/Administrator/AppData/Roaming/Adobe/CEPServiceManager4/extensions/cutterman/js/cutterman.js(400)
[0118/144754:INFO:CONSOLE(0)] "{"err":0,"msg":1}," source: file:///C:/Users/Administrator/AppData/Roaming/Adobe/CEPServiceManager4/extensions/cutterman/js/cutterman.js(408)
[0118/144754:INFO:CONSOLE(0)] "XMLHttpRequest cannot load http://www.cutterman.cn/rank/submit. Origin null is not allowed by Access-Control-Allow-Origin.," source: (0)
[0118/154218:INFO:CONSOLE(0)] "app router initialize," source: file:///C:/Users/Administrator/AppData/Roaming/Adobe/CEPServiceManager4/extensions/cutterman/js/cutterman.js(10)
[0118/154239:INFO:CONSOLE(0)] "{"samefile":"cover","androidCurrentDpi":"不设置","iosCurrentDpi":"不设置","androidDpi":{"XXXHDPI":"1440","XXHDPI":"1080","XHDPI":"720","HDPI":"540","MDPI":"360"},"iosDpi":{"3X":"960","2X":"640","1X":"320"},"format":"PNG-24","output":"/e/design/IOS/0118","merge":false,"target":["2X","3X"],"bounds":[50,50],"quality":"PNG-24"}," source: file:///C:/Users/Administrator/AppData/Roaming/Adobe/CEPServiceManager4/extensions/cutterman/js/cutterman.js(400)
[0118/154243:INFO:CONSOLE(0)] "{"err":0,"msg":5}," source: file:///C:/Users/Administrator/AppData/Roaming/Adobe/CEPServiceManager4/extensions/cutterman/js/cutterman.js(408)
[0118/154243:INFO:CONSOLE(0)] "XMLHttpRequest cannot load http://www.cutterman.cn/rank/submit. Origin null is not allowed by Access-Control-Allow-Origin.," source: (0)
[0118/154553:INFO:CONSOLE(0)] "{"samefile":"cover","androidCurrentDpi":"不设置","iosCurrentDpi":"不设置","androidDpi":{"XXXHDPI":"1440","XXHDPI":"1080","XHDPI":"720","HDPI":"540","MDPI":"360"},"iosDpi":{"3X":"960","2X":"640","1X":"320"},"format":"PNG-24","output":"/e/design/IOS/0118","merge":false,"target":["2X","3X"],"bounds":[50,50],"quality":"PNG-24"}," source: file:///C:/Users/Administrator/AppData/Roaming/Adobe/CEPServiceManager4/extensions/cutterman/js/cutterman.js(400)
[0118/154554:INFO:CONSOLE(0)] "{"err":0,"msg":1}," source: file:///C:/Users/Administrator/AppData/Roaming/Adobe/CEPServiceManager4/extensions/cutterman/js/cutterman.js(408)
[0118/154555:INFO:CONSOLE(0)] "XMLHttpRequest cannot load http://www.cutterman.cn/rank/submit. Origin null is not allowed by Access-Control-Allow-Origin.," source: (0)
[0118/154636:INFO:CONSOLE(0)] "{"samefile":"cover","androidCurrentDpi":"不设置","iosCurrentDpi":"不设置","androidDpi":{"XXXHDPI":"1440","XXHDPI":"1080","XHDPI":"720","HDPI":"540","MDPI":"360"},"iosDpi":{"3X":"960","2X":"640","1X":"320"},"format":"PNG-24","output":"/e/design/IOS/0118","merge":false,"target":["2X","3X"],"bounds":[50,50],"quality":"PNG-24"}," source: file:///C:/Users/Administrator/AppData/Roaming/Adobe/CEPServiceManager4/extensions/cutterman/js/cutterman.js(400)
[0118/154637:INFO:CONSOLE(0)] "{"err":0,"msg":1}," source: file:///C:/Users/Administrator/AppData/Roaming/Adobe/CEPServiceManager4/extensions/cutterman/js/cutterman.js(408)
[0118/154637:INFO:CONSOLE(0)] "XMLHttpRequest cannot load http://www.cutterman.cn/rank/submit. Origin null is not allowed by Access-Control-Allow-Origin.," source: (0)
[0118/154800:INFO:CONSOLE(0)] "{"samefile":"cover","androidCurrentDpi":"不设置","iosCurrentDpi":"不设置","androidDpi":{"XXXHDPI":"1440","XXHDPI":"1080","XHDPI":"720","HDPI":"540","MDPI":"360"},"iosDpi":{"3X":"960","2X":"640","1X":"320"},"format":"PNG-24","output":"/e/design/IOS/0118","merge":false,"target":["2X","3X"],"bounds":[50,50],"quality":"PNG-24"}," source: file:///C:/Users/Administrator/AppData/Roaming/Adobe/CEPServiceManager4/extensions/cutterman/js/cutterman.js(400)
[0118/154801:INFO:CONSOLE(0)] "{"err":0,"msg":1}," source: file:///C:/Users/Administrator/AppData/Roaming/Adobe/CEPServiceManager4/extensions/cutterman/js/cutterman.js(408)
[0118/154801:INFO:CONSOLE(0)] "XMLHttpRequest cannot load http://www.cutterman.cn/rank/submit. Origin null is not allowed by Access-Control-Allow-Origin.," source: (0)
[0118/155059:INFO:CONSOLE(0)] "{"samefile":"cover","androidCurrentDpi":"不设置","iosCurrentDpi":"不设置","androidDpi":{"XXXHDPI":"1440","XXHDPI":"1080","XHDPI":"720","HDPI":"540","MDPI":"360"},"iosDpi":{"3X":"960","2X":"640","1X":"320"},"format":"PNG-24","output":"/e/design/IOS/0118","merge":false,"target":["2X","3X"],"bounds":[50,50],"quality":"PNG-24"}," source: file:///C:/Users/Administrator/AppData/Roaming/Adobe/CEPServiceManager4/extensions/cutterman/js/cutterman.js(400)
[0118/155100:INFO:CONSOLE(0)] "{"err":0,"msg":1}," source: file:///C:/Users/Administrator/AppData/Roaming/Adobe/CEPServiceManager4/extensions/cutterman/js/cutterman.js(408)
[0118/155100:INFO:CONSOLE(0)] "XMLHttpRequest cannot load http://www.cutterman.cn/rank/submit. Origin null is not allowed by Access-Control-Allow-Origin.," source: (0)
[0118/155133:INFO:CONSOLE(0)] "{"samefile":"cover","androidCurrentDpi":"不设置","iosCurrentDpi":"不设置","androidDpi":{"XXXHDPI":"1440","XXHDPI":"1080","XHDPI":"720","HDPI":"540","MDPI":"360"},"iosDpi":{"3X":"960","2X":"640","1X":"320"},"format":"PNG-24","output":"/e/design/IOS/0118","merge":false,"target":["2X","3X"],"bounds":[50,50],"quality":"PNG-24"}," source: file:///C:/Users/Administrator/AppData/Roaming/Adobe/CEPServiceManager4/extensions/cutterman/js/cutterman.js(400)
[0118/155134:INFO:CONSOLE(0)] "{"err":0,"msg":1}," source: file:///C:/Users/Administrator/AppData/Roaming/Adobe/CEPServiceManager4/extensions/cutterman/js/cutterman.js(408)
[0118/155134:INFO:CONSOLE(0)] "XMLHttpRequest cannot load http://www.cutterman.cn/rank/submit. Origin null is not allowed by Access-Control-Allow-Origin.," source: (0)
[0118/155245:INFO:CONSOLE(0)] "{"samefile":"cover","androidCurrentDpi":"不设置","iosCurrentDpi":"不设置","androidDpi":{"XXXHDPI":"1440","XXHDPI":"1080","XHDPI":"720","HDPI":"540","MDPI":"360"},"iosDpi":{"3X":"960","2X":"640","1X":"320"},"format":"PNG-24","output":"/e/design/IOS/0118","merge":false,"target":["2X","3X"],"bounds":[50,50],"quality":"PNG-24"}," source: file:///C:/Users/Administrator/AppData/Roaming/Adobe/CEPServiceManager4/extensions/cutterman/js/cutterman.js(400)
[0118/155249:INFO:CONSOLE(0)] "{"err":0,"msg":1}," source: file:///C:/Users/Administrator/AppData/Roaming/Adobe/CEPServiceManager4/extensions/cutterman/js/cutterman.js(408)
[0118/155249:INFO:CONSOLE(0)] "XMLHttpRequest cannot load http://www.cutterman.cn/rank/submit. Origin null is not allowed by Access-Control-Allow-Origin.," source: (0)
